This is pdfTeX, Version 3.14159265-2.6-1.40.17 (MiKTeX 2.9) (preloaded format=pdflatex 2016.10.5)  9 NOV 2016 01:15
entering extended mode
**"./Problemanalyse alt i en.tex"
("Problemanalyse alt i en.tex"
LaTeX2e <2016/03/31> patch level 3
Babel <3.9r> and hyphenation patterns for 75 language(s) loaded.

! LaTeX Error: File `setup/preamble_ida16-Mads.tex' not found.

Type X to quit or <RETURN> to proceed,
or enter new name. (Default extension: tex)

Enter file name: 
! Emergency stop.
<read *> 
         
l.1 \input{setup/preamble_ida16-Mads}
                                     
*** (cannot \read from terminal in nonstop modes)

 
Here is how much of TeX's memory you used:
 8 strings out of 493334
 196 string characters out of 3136672
 53242 words of memory out of 3000000
 3636 multiletter control sequences out of 15000+200000
 3640 words of font info for 14 fonts, out of 3000000 for 9000
 1141 hyphenation exceptions out of 8191
 5i,0n,3p,68b,8s stack positions out of 5000i,500n,10000p,200000b,50000s
!  ==> Fatal error occurred, no output PDF file produced!
